**********Office31_Mlti_2W_v1_2day2025_02_17_11_41**********
Progressive:  True
DataSet:resnet50Data 
Target Domain:webcam.csv
source 0 is dslr.csv
**********Office31_Mlti_2W_v1_2day2025_02_17_11_41**********
Progressive:  True
DataSet:data//resnet50Data 
Target Domain:webcam.csv
source 0 is dslr.csv
source 1 is amazon.csv
target 2 is webcam.csv
[0.941775]
all acc [0.92569911]
pseudo Xtu: [0.76494024]
pseudo Xtk: [0.941775]
HOS: [0.84419659]
[ 36  21  28  12  16  25  40  17  48  37 206]
max_select_num 48
ratio: 0.3
max_select_num =  14
select Xt:(335, 2048), yt:(335,)
Xt_align:(335, 2048) ,Yt_align:(335,) ,l_align:(1313,) 
(array([ 0,  1,  2,  3,  4,  5,  6,  7,  8,  9, 10], dtype=int64), array([ 13,  13,  13,  12,  13,  13,  13,  13,  13,  13, 206], dtype=int64))
Optimizing...
Iteration    Cost                       Gradient norm     
---------    -----------------------    --------------    
 1           +2.0440705060616882e-01    5.26507624e-02    
 2           +1.6491982214454826e-01    3.35727944e-02    
 3           +1.3474793630778903e-01    8.12696749e-02    
 4           +6.7403486335478879e-02    4.52834805e-02    
 5           +5.5781694198360654e-02    5.63910140e-02    
 6           +3.7172442792212657e-02    2.47734618e-02    
 7           +3.3885871695217507e-02    2.27494454e-02    
 8           +3.1287356275814693e-02    1.77199046e-02    
 9           +2.9773379146423196e-02    2.02173018e-02    
10           +2.8563436244252838e-02    2.09139206e-02    
11           +2.6882822586619781e-02    1.36575498e-02    
12           +2.6398038958104886e-02    1.89230060e-02    
13           +2.5107951817109120e-02    8.00456752e-03    
14           +2.4498883968870011e-02    1.92398596e-02    
15           +2.3125527501481224e-02    5.42953807e-03    
16           +2.2727214174971477e-02    2.65624747e-02    
17           +2.1367506664034863e-02    1.88238230e-02    
18           +2.1315772032699964e-02    2.00183597e-02    
19           +2.1115693645873179e-02    1.86911727e-02    
20           +2.0434715431183026e-02    1.31494476e-02    
21           +1.9765997315208672e-02    3.83819464e-03    
22           +1.9527603750318034e-02    9.49503461e-03    
23           +1.9238707280521350e-02    5.87852887e-03    
24           +1.9190394711838366e-02    8.05259703e-03    
25           +1.9034162722693093e-02    5.11319927e-03    
26           +1.8907502328953996e-02    4.38348833e-03    
27           +1.8793177772405745e-02    4.29175802e-03    
28           +1.8680933451449722e-02    3.95163373e-03    
29           +1.8571769314974951e-02    4.23302207e-03    
30           +1.8463935975222778e-02    3.82978424e-03    
31           +1.8358750392720946e-02    4.19724477e-03    
32           +1.8254596473472606e-02    3.71924017e-03    
33           +1.8152881462969450e-02    4.17085333e-03    
34           +1.8051953083882744e-02    3.61269832e-03    
35           +1.7953303950775767e-02    4.15233344e-03    
36           +1.7855242987310227e-02    3.50920809e-03    
37           +1.7759323626671097e-02    4.14015574e-03    
38           +1.7663828143714921e-02    3.40869505e-03    
39           +1.7570340764990533e-02    4.13299757e-03    
40           +1.7570147612580467e-02    7.76798697e-03    
41           +1.7569375657157105e-02    7.75482326e-03    
42           +1.7566298317567064e-02    7.70215522e-03    
43           +1.7554157614572130e-02    7.49128922e-03    
44           +1.7508354867767029e-02    6.64604048e-03    
45           +1.7373568168024711e-02    3.45075316e-03    
46           +1.7313934871631353e-02    6.14016489e-03    
47           +1.7170053415875852e-02    2.51763884e-03    
48           +1.6656580863625203e-02    4.14902545e-03    
49           +1.6593964740504674e-02    4.83002476e-03    
50           +1.6497981505398052e-02    3.48358422e-03    
Terminated - max iterations reached after 91.08 seconds.

(2048, 100)
ms:978,mt:486
lu: [0. 1. 2.] lc [154 824 486]
current_index 978
loss is -0.77 | known_loss is 0.32 | unknown_loss is -1.35 ( 0.35 + 0.06 - 1.76 )
[0.95291657]

Iteration :1
all acc [0.94633125]
pseudo Xtu: [0.88047809]
pseudo Xtk: [0.95291657]
HOS: [0.91526628]
ratio: 0.4
max_select_num =  19
select Xt:(403, 2048), yt:(403,)
Xt_align:(403, 2048) ,Yt_align:(403,) ,l_align:(1381,) 
(array([ 0,  1,  2,  3,  4,  5,  6,  7,  8,  9, 10], dtype=int64), array([ 18,  18,  18,  12,  16,  18,  18,  18,  18,  18, 231], dtype=int64))
Optimizing...
Iteration    Cost                       Gradient norm     
---------    -----------------------    --------------    
 1           +2.2006973443093591e-01    6.70568926e-02    
 2           +1.7085630708913779e-01    3.82320288e-02    
 3           +1.3310465351499179e-01    7.98782043e-02    
 4           +7.9904385333844363e-02    5.73958799e-02    
 5           +6.3722274410188628e-02    4.73174552e-02    
 6           +5.3194729417234132e-02    3.79779841e-02    
 7           +4.6481569466761963e-02    3.44146188e-02    
 8           +4.0738867960410818e-02    2.38258061e-02    
 9           +3.8576843799037253e-02    3.48669573e-02    
10           +3.3533426307325032e-02    1.29433083e-02    
11           +2.8565763491724461e-02    3.26163776e-02    
12           +2.4886099059042932e-02    1.58077800e-02    
13           +2.4628699515865993e-02    2.00502404e-02    
14           +2.3789201680518346e-02    1.27698324e-02    
15           +2.3257609352548059e-02    9.91709688e-03    
16           +2.2892367341229569e-02    8.51848372e-03    
17           +2.2582979101717804e-02    6.80428262e-03    
18           +2.2349656593122491e-02    7.65899194e-03    
19           +2.2286356012538810e-02    1.15116582e-02    
20           +2.2068986372441479e-02    8.34458412e-03    
21           +2.1909605696844636e-02    9.00589799e-03    
22           +2.1618326462594428e-02    4.67209195e-03    
23           +2.1495107691222426e-02    1.01803743e-02    
24           +2.1174591792715525e-02    4.01676774e-03    
25           +2.1035225046991179e-02    1.14209117e-02    
26           +2.0662275812051156e-02    4.48551368e-03    
27           +2.0558624028242711e-02    7.26086193e-03    
28           +2.0365614650894148e-02    3.90444901e-03    
29           +2.0247026964907988e-02    7.90913965e-03    
30           +2.0029263096242200e-02    3.77267855e-03    
31           +1.9949024592361919e-02    9.29993454e-03    
32           +1.9717122700786849e-02    4.48781694e-03    
33           +1.9608383812253383e-02    4.39624632e-03    
34           +1.9501313148656108e-02    4.19976840e-03    
35           +1.9396204770536940e-02    4.34360174e-03    
36           +1.9292331230133186e-02    4.10845206e-03    
37           +1.9190301712915137e-02    4.30689023e-03    
38           +1.9089336346370445e-02    4.01984594e-03    
39           +1.8990161806348604e-02    4.27665204e-03    
40           +1.8891891369524405e-02    3.93135705e-03    
41           +1.8795369700505216e-02    4.25262158e-03    
42           +1.8699601434105650e-02    3.84259534e-03    
43           +1.8605542469382730e-02    4.23448994e-03    
44           +1.8512093647231831e-02    3.75355709e-03    
45           +1.8420309847816174e-02    4.22191644e-03    
46           +1.8420251370941276e-02    8.39668863e-03    
47           +1.8420017521226573e-02    8.39252866e-03    
48           +1.8419083047329643e-02    8.37588709e-03    
49           +1.8415359976796886e-02    8.30929404e-03    
50           +1.8400706548222345e-02    8.04252369e-03    
Terminated - max iterations reached after 183.57 seconds.

(2048, 100)
ms:978,mt:486
lu: [0. 1. 2.] lc [154 824 486]
current_index 978
loss is -0.72 | known_loss is 0.30 | unknown_loss is -1.27 ( 0.41 + 0.05 - 1.72 )
[0.95867896]

Iteration :2
all acc [0.95301854]
pseudo Xtu: [0.89641434]
pseudo Xtk: [0.95867896]
HOS: [0.92650172]
ratio: 0.5
max_select_num =  24
select Xt:(437, 2048), yt:(437,)
Xt_align:(437, 2048) ,Yt_align:(437,) ,l_align:(1415,) 
(array([ 0,  1,  2,  3,  4,  5,  6,  7,  8,  9, 10], dtype=int64), array([ 23,  21,  23,  12,  16,  23,  23,  18,  23,  23, 232], dtype=int64))
Optimizing...
Iteration    Cost                       Gradient norm     
---------    -----------------------    --------------    
 1           +2.3164348933362411e-01    7.87843655e-02    
 2           +1.7487231948035942e-01    4.37626039e-02    
 3           +1.5677307072073399e-01    9.54879816e-02    
 4           +1.0303718856853394e-01    5.85161389e-02    
 5           +7.8383066831558379e-02    5.89999130e-02    
 6           +7.4452490608795552e-02    7.41425046e-02    
 7           +6.0668293191786349e-02    5.64911975e-02    
 8           +4.8482133724406573e-02    4.96069716e-02    
 9           +3.8470888372047485e-02    2.46271525e-02    
10           +3.6651887101357694e-02    3.35059848e-02    
11           +3.2607022512577188e-02    1.27428705e-02    
12           +3.2166433147252649e-02    4.58920588e-02    
13           +3.0481567128604725e-02    4.17788473e-02    
14           +2.5467894411664638e-02    1.96315201e-02    
15           +2.5301781443624272e-02    2.36054708e-02    
16           +2.4699556052580895e-02    1.92139290e-02    
17           +2.3564558195544816e-02    6.66445320e-03    
18           +2.3258040212730702e-02    1.38177049e-02    
19           +2.2679106085635725e-02    5.17619441e-03    
20           +2.2395967227656577e-02    8.70620432e-03    
21           +2.2136152428225753e-02    5.07942216e-03    
22           +2.1978762210407066e-02    9.28565417e-03    
23           +2.1706076426952325e-02    4.88907144e-03    
24           +2.1638106005232860e-02    1.07654974e-02    
25           +2.1418885718791802e-02    6.75521346e-03    
26           +2.1265061951439623e-02    5.79048303e-03    
27           +2.1124841215450996e-02    4.81746343e-03    
28           +2.0998040909893323e-02    5.43971509e-03    
29           +2.0988331532137305e-02    9.96376395e-03    
30           +2.0950746525407293e-02    9.32494427e-03    
31           +2.0821549624900459e-02    6.77715924e-03    
32           +2.0719034756925048e-02    7.32098498e-03    
33           +2.0544003266617761e-02    4.34116848e-03    
34           +2.0461295229586618e-02    7.79512931e-03    
35           +2.0270611081885548e-02    3.19245856e-03    
36           +1.9547913880743062e-02    3.61184485e-03    
37           +1.9479926468971787e-02    8.94023861e-03    
38           +1.9285046180468335e-02    4.25704797e-03    
39           +1.9192783315767015e-02    4.30060680e-03    
40           +1.9101206824493122e-02    4.02952109e-03    
41           +1.9010708722762448e-02    4.26766867e-03    
42           +1.8920958851295300e-02    3.98261864e-03    
43           +1.8832278182757900e-02    4.23177806e-03    
44           +1.8744302179747985e-02    3.93516199e-03    
45           +1.8657375030259438e-02    4.19758111e-03    
46           +1.8571122004281015e-02    3.88780084e-03    
47           +1.8485907844898675e-02    4.16464617e-03    
48           +1.8401339400281547e-02    3.84003799e-03    
49           +1.8317804881716526e-02    4.13295122e-03    
50           +1.8234888147713457e-02    3.79160928e-03    
Terminated - max iterations reached after 172.55 seconds.

(2048, 100)
ms:978,mt:486
lu: [0. 1. 2.] lc [154 824 486]
current_index 978
loss is -0.71 | known_loss is 0.29 | unknown_loss is -1.24 ( 0.42 + 0.05 - 1.72 )
[0.95867896]

Iteration :3
all acc [0.95301854]
pseudo Xtu: [0.89641434]
pseudo Xtk: [0.95867896]
HOS: [0.92650172]
ratio: 0.6
max_select_num =  28
select Xt:(457, 2048), yt:(457,)
Xt_align:(457, 2048) ,Yt_align:(457,) ,l_align:(1435,) 
(array([ 0,  1,  2,  3,  4,  5,  6,  7,  8,  9, 10], dtype=int64), array([ 27,  21,  28,  12,  16,  27,  27,  18,  27,  22, 232], dtype=int64))
Optimizing...
Iteration    Cost                       Gradient norm     
---------    -----------------------    --------------    
 1           +2.3861927828412410e-01    8.63367388e-02    
 2           +1.7727838541951435e-01    4.70200296e-02    
 3           +1.7301782194115045e-01    1.05647581e-01    
 4           +1.5669976280915709e-01    9.69482053e-02    
 5           +1.0740954343694087e-01    6.03256059e-02    
 6           +7.9296719334842392e-02    5.35275525e-02    
 7           +6.4335169794192737e-02    5.01104139e-02    
 8           +5.2058515973314901e-02    3.31492740e-02    
 9           +4.6409385231976241e-02    2.69680479e-02    
10           +4.2804891461569516e-02    3.35385021e-02    
11           +4.0236833700851182e-02    3.54243094e-02    
12           +3.5847364816119942e-02    1.79611501e-02    
13           +3.3977415465257454e-02    2.03596147e-02    
14           +3.2260444997162852e-02    1.46428867e-02    
15           +3.1152612258762424e-02    2.05527258e-02    
16           +2.9995768118712629e-02    1.81493305e-02    
17           +2.9864881308557134e-02    2.52067862e-02    
18           +2.9374597981737471e-02    2.20224827e-02    
19           +2.8023559812204279e-02    9.74355905e-03    
20           +2.7947352543499449e-02    2.47738499e-02    
21           +2.7654718219361163e-02    2.27884604e-02    
22           +2.6698324424056175e-02    1.45958221e-02    
23           +2.6054292007490654e-02    1.03977622e-02    
24           +2.5694936066486873e-02    1.15116586e-02    
25           +2.5338812501009222e-02    1.13573796e-02    
26           +2.5029717946018826e-02    1.15264133e-02    
27           +2.4640926129765983e-02    8.96804619e-03    
28           +2.4343684842020874e-02    7.62280711e-03    
29           +2.4089690319955226e-02    7.07842377e-03    
30           +2.3855666056243230e-02    6.52805754e-03    
31           +2.3642044536085205e-02    6.59573825e-03    
32           +2.3438399365836471e-02    5.90567122e-03    
33           +2.3251611363301894e-02    6.37094018e-03    
34           +2.3068796967751659e-02    5.32213544e-03    
35           +2.2899752142254037e-02    6.31526619e-03    
36           +2.2896255582544711e-02    1.13887429e-02    
37           +2.2882392783255323e-02    1.11874636e-02    
38           +2.2828947452107062e-02    1.03799096e-02    
39           +2.2649343471530248e-02    7.16346951e-03    
40           +2.2622299093905118e-02    1.05476762e-02    
41           +2.2522721643466692e-02    8.89214481e-03    
42           +2.2280949422656349e-02    3.61609357e-03    
43           +2.1494472536892628e-02    7.01643191e-03    
44           +2.1334062922051089e-02    4.47693079e-03    
45           +2.1249497130876094e-02    7.02198642e-03    
46           +2.1084871021026075e-02    3.63775607e-03    
47           +2.0949097602155131e-02    7.34804174e-03    
48           +2.0827942620909923e-02    6.68686929e-03    
49           +2.0731431911762854e-02    6.85418014e-03    
50           +2.0583804336202549e-02    4.52784745e-03    
Terminated - max iterations reached after 150.37 seconds.

(2048, 100)
ms:978,mt:486
lu: [0. 1. 2.] lc [154 824 486]
current_index 978
loss is -0.71 | known_loss is 0.29 | unknown_loss is -1.24 ( 0.42 + 0.05 - 1.71 )
[0.96190476]

Iteration :4
all acc [0.95631328]
pseudo Xtu: [0.90039841]
pseudo Xtk: [0.96190476]
HOS: [0.9301359]
ratio: 0.7
max_select_num =  33
select Xt:(472, 2048), yt:(472,)
Xt_align:(472, 2048) ,Yt_align:(472,) ,l_align:(1450,) 
(array([ 0,  1,  2,  3,  4,  5,  6,  7,  8,  9, 10], dtype=int64), array([ 29,  21,  28,  12,  16,  31,  32,  18,  32,  21, 232], dtype=int64))
Optimizing...
Iteration    Cost                       Gradient norm     
---------    -----------------------    --------------    
 1           +2.5009555347798829e-01    9.57930020e-02    
 2           +1.8302156136631176e-01    5.16599697e-02    
 3           +1.5283556800799047e-01    6.25505984e-02    
 4           +1.5241228704000087e-01    1.03925770e-01    
 5           +1.5072462514103591e-01    1.03253892e-01    
 6           +1.4406768175379070e-01    1.00394348e-01    
 7           +1.1938808970388526e-01    8.58406593e-02    
 8           +8.6157351214363631e-02    6.51090264e-02    
 9           +7.1246023495837862e-02    3.34647136e-02    
10           +6.3963458259623351e-02    3.88273890e-02    
11           +5.7850028452035129e-02    3.31472915e-02    
12           +5.2786851641375865e-02    3.37747113e-02    
13           +4.8310574631453607e-02    2.65826756e-02    
14           +4.5051994064782219e-02    3.19091270e-02    
15           +4.3941390905148481e-02    4.09620189e-02    
16           +4.0396694454585269e-02    2.48734674e-02    
17           +3.8684148966811716e-02    2.83042898e-02    
18           +3.6487678815242619e-02    2.09026878e-02    
19           +3.5067448276491886e-02    2.02120186e-02    
20           +3.4992401263058026e-02    3.06332366e-02    
21           +3.4700027356211915e-02    2.90331463e-02    
22           +3.3663620682670814e-02    2.24842263e-02    
23           +3.2248398601467887e-02    1.56541432e-02    
24           +3.1617410001640867e-02    1.86307844e-02    
25           +3.0548928709572820e-02    1.10555093e-02    
26           +3.0232968568272511e-02    2.02133050e-02    
27           +2.9304349328585166e-02    1.02292564e-02    
28           +2.9235864726511629e-02    2.04179063e-02    
29           +2.8978552301248683e-02    1.79566455e-02    
30           +2.8244774254016836e-02    8.55319334e-03    
31           +2.8189752173231275e-02    1.85488725e-02    
32           +2.7982188697579291e-02    1.64442089e-02    
33           +2.7376441363427650e-02    8.15908121e-03    
34           +2.7075101917309663e-02    7.43542908e-03    
35           +2.6802835333287867e-02    8.17226328e-03    
36           +2.6537515914107690e-02    6.57183845e-03    
37           +2.6302436524517026e-02    8.11044304e-03    
38           +2.6284020855016799e-02    1.36616685e-02    
39           +2.6213053894605043e-02    1.26665257e-02    
40           +2.5974896546944848e-02    8.72244835e-03    
41           +2.5934991048027101e-02    1.25479358e-02    
42           +2.5789801687430502e-02    1.03060398e-02    
43           +2.5478552206647631e-02    4.38612829e-03    
44           +2.4936294451116892e-02    1.48621740e-02    
45           +2.4837372766129739e-02    1.53581233e-02    
46           +2.4507482102633205e-02    1.03201218e-02    
47           +2.4226245345441599e-02    4.51191516e-03    
48           +2.4110063388909975e-02    6.41061183e-03    
49           +2.4038602712903590e-02    8.09779791e-03    
50           +2.3859371923287132e-02    3.44385483e-03    
Terminated - max iterations reached after 120.45 seconds.

(2048, 100)
ms:978,mt:486
lu: [0. 1. 2.] lc [154 824 486]
current_index 978
loss is -0.71 | known_loss is 0.29 | unknown_loss is -1.24 ( 0.42 + 0.05 - 1.71 )
[0.96190476]

Iteration :5
all acc [0.95631328]
pseudo Xtu: [0.90039841]
pseudo Xtk: [0.96190476]
HOS: [0.9301359]
ratio: 0.8
max_select_num =  38
select Xt:(483, 2048), yt:(483,)
Xt_align:(483, 2048) ,Yt_align:(483,) ,l_align:(1461,) 
(array([ 0,  1,  2,  3,  4,  5,  6,  7,  8,  9, 10], dtype=int64), array([ 29,  21,  28,  12,  16,  31,  37,  18,  38,  21, 232], dtype=int64))
Optimizing...
Iteration    Cost                       Gradient norm     
---------    -----------------------    --------------    
 1           +2.5753788997766058e-01    1.00498361e-01    
 2           +1.8719435330130074e-01    5.33175312e-02    
 3           +1.5583951057533918e-01    6.12289051e-02    
 4           +1.3310868388717112e-01    8.37009233e-02    
 5           +1.0617340729186986e-01    7.86282577e-02    
 6           +8.8018626512603060e-02    4.83546820e-02    
 7           +8.6926543056537575e-02    7.77932148e-02    
 8           +8.2812775636998737e-02    6.87718738e-02    
 9           +7.1102613930292602e-02    3.28571867e-02    
10           +6.8879256162791336e-02    6.55246727e-02    
11           +6.1312906916012988e-02    4.61181082e-02    
12           +5.4058809731530433e-02    2.44807440e-02    
13           +5.1885510203204532e-02    5.27794881e-02    
14           +4.5428735716549262e-02    2.64856275e-02    
15           +4.2968727559094422e-02    2.29088136e-02    
16           +4.1037622518675043e-02    2.07100520e-02    
17           +3.9365069535462371e-02    1.79784780e-02    
18           +3.8047887116704926e-02    1.85519664e-02    
19           +3.6765130913497313e-02    1.34137575e-02    
20           +3.5780598793447638e-02    1.88166169e-02    
21           +3.5267748091934115e-02    2.28760052e-02    
22           +3.3935668315842271e-02    9.33266534e-03    
23           +3.2985150545419062e-02    2.19215958e-02    
24           +3.1971439574177252e-02    1.47607488e-02    
25           +3.1522979393018291e-02    1.38578928e-02    
26           +3.1112138549252766e-02    1.31148912e-02    
27           +3.0766486230843437e-02    1.28920259e-02    
28           +3.0341640828382310e-02    1.01191612e-02    
29           +3.0009105504504863e-02    8.21317252e-03    
30           +2.9738460718631288e-02    8.36952331e-03    
31           +2.9470081914229063e-02    6.46572757e-03    
32           +2.9224581158423746e-02    8.36902916e-03    
33           +2.9215563197169558e-02    1.39475724e-02    
34           +2.9180105995192385e-02    1.34728405e-02    
35           +2.9048395257896598e-02    1.15685805e-02    
36           +2.8703690576220353e-02    4.90997502e-03    
37           +2.8359033368370756e-02    1.05081749e-02    
38           +2.8052176389588013e-02    5.06776165e-03    
39           +2.7988219052080154e-02    1.26708121e-02    
40           +2.7771361165452424e-02    8.89612380e-03    
41           +2.7715120500683366e-02    1.10369519e-02    
42           +2.7528219232685114e-02    7.42180895e-03    
43           +2.7351573269293716e-02    4.60452191e-03    
44           +2.7213142510119859e-02    7.64353667e-03    
45           +2.7085679333974433e-02    7.56841457e-03    
46           +2.6946530062724516e-02    6.80334758e-03    
47           +2.6902377553992718e-02    9.55197200e-03    
48           +2.6757045541137670e-02    6.31057478e-03    
49           +2.6621637859951974e-02    4.47462070e-03    
50           +2.6505438477921306e-02    6.25137362e-03    
Terminated - max iterations reached after 83.14 seconds.

(2048, 100)
ms:978,mt:486
lu: [0. 1. 2.] lc [154 824 486]
current_index 978
loss is -0.70 | known_loss is 0.28 | unknown_loss is -1.23 ( 0.43 + 0.05 - 1.71 )
[0.96190476]

Iteration :6
all acc [0.95667546]
pseudo Xtu: [0.90438247]
pseudo Xtk: [0.96190476]
HOS: [0.93225715]
ratio: 0.9
max_select_num =  43
select Xt:(486, 2048), yt:(486,)
Xt_align:(486, 2048) ,Yt_align:(486,) ,l_align:(1464,) 
(array([ 0,  1,  2,  3,  4,  5,  6,  7,  8,  9, 10], dtype=int64), array([ 29,  21,  28,  12,  16,  31,  40,  18,  37,  21, 233], dtype=int64))
Optimizing...
Iteration    Cost                       Gradient norm     
---------    -----------------------    --------------    
 1           +2.5821919411560401e-01    1.00677251e-01    
 2           +1.8804921116561224e-01    5.30365157e-02    
 3           +1.5736873229954207e-01    6.26111084e-02    
 4           +1.3437867460196484e-01    8.18277149e-02    
 5           +1.1003997519732622e-01    8.37396193e-02    
 6           +1.0911199649896131e-01    9.27783237e-02    
 7           +1.0548179265297031e-01    8.86606234e-02    
 8           +9.2497272952044574e-02    6.97002469e-02    
 9           +8.0271695289270140e-02    6.04319463e-02    
10           +6.8697467526610989e-02    2.87640115e-02    
11           +6.5226904038421907e-02    7.08401723e-02    
12           +5.4859964565491914e-02    3.62428883e-02    
13           +5.0553403457300305e-02    2.53886905e-02    
14           +4.8164021126426704e-02    3.52957719e-02    
15           +4.4817125327540897e-02    2.39527141e-02    
16           +4.3434998112358958e-02    3.11213362e-02    
17           +4.0741244736528293e-02    1.43208526e-02    
18           +3.9566594726081039e-02    3.53059546e-02    
19           +3.6691474098865307e-02    1.10480819e-02    
20           +3.5778570274123123e-02    2.40047382e-02    
21           +3.4387767421776516e-02    1.21269764e-02    
22           +3.3878551302382931e-02    1.29239815e-02    
23           +3.3747921737000919e-02    1.99714714e-02    
24           +3.3293939722840449e-02    1.48464967e-02    
25           +3.2824013214765690e-02    1.32845267e-02    
26           +3.2668657243454469e-02    1.76044016e-02    
27           +3.2171763091608963e-02    1.08637617e-02    
28           +3.1828935139312620e-02    1.01847270e-02    
29           +3.1485883781568802e-02    7.17168464e-03    
30           +3.1176545894803009e-02    1.02544928e-02    
31           +3.1140050660163565e-02    1.56090003e-02    
32           +3.1002973607389794e-02    1.37191793e-02    
33           +3.0612070333589037e-02    6.64165950e-03    
34           +3.0482079217269087e-02    1.36981703e-02    
35           +3.0105690429528487e-02    6.72774369e-03    
36           +3.0078305038713005e-02    1.41217368e-02    
37           +2.9974962512297587e-02    1.25335779e-02    
38           +2.9670611180129036e-02    6.43086148e-03    
39           +2.9598911646148363e-02    1.17630640e-02    
40           +2.9370811002000341e-02    7.18790102e-03    
41           +2.9215596126800136e-02    7.26678069e-03    
42           +2.9160008600626952e-02    1.08818376e-02    
43           +2.8978652357727341e-02    7.04839512e-03    
44           +2.8820776824086458e-02    5.58344050e-03    
45           +2.8687731386058068e-02    6.50804939e-03    
46           +2.8650596558914776e-02    1.05724039e-02    
47           +2.8521853455816704e-02    7.82792826e-03    
48           +2.8388770508392724e-02    7.41522353e-03    
49           +2.8298437351209627e-02    8.68856586e-03    
50           +2.8100740367974275e-02    3.76226861e-03    
Terminated - max iterations reached after 81.36 seconds.

(2048, 100)
ms:978,mt:486
lu: [0. 1. 2.] lc [154 824 486]
current_index 978
loss is -0.70 | known_loss is 0.28 | unknown_loss is -1.23 ( 0.43 + 0.05 - 1.71 )
[0.96190476]

Iteration :7
all acc [0.95667546]
pseudo Xtu: [0.90438247]
pseudo Xtk: [0.96190476]
HOS: [0.93225715]
ratio: 1.0
max_select_num =  48
select Xt:(486, 2048), yt:(486,)
Xt_align:(486, 2048) ,Yt_align:(486,) ,l_align:(1464,) 
(array([ 0,  1,  2,  3,  4,  5,  6,  7,  8,  9, 10], dtype=int64), array([ 29,  21,  28,  12,  16,  31,  40,  18,  37,  21, 233], dtype=int64))
Optimizing...
Iteration    Cost                       Gradient norm     
---------    -----------------------    --------------    
 1           +2.5821919411560401e-01    1.00677251e-01    
 2           +1.8804921116561224e-01    5.30365157e-02    
 3           +1.5736873229954207e-01    6.26111084e-02    
 4           +1.3437867460196484e-01    8.18277149e-02    
 5           +1.1003997519732622e-01    8.37396193e-02    
 6           +1.0911199649896131e-01    9.27783237e-02    
 7           +1.0548179265297031e-01    8.86606234e-02    
 8           +9.2497272952044574e-02    6.97002469e-02    
 9           +8.0271695289270140e-02    6.04319463e-02    
10           +6.8697467526610989e-02    2.87640115e-02    
11           +6.5226904038421907e-02    7.08401723e-02    
12           +5.4859964565491914e-02    3.62428883e-02    
13           +5.0553403457300305e-02    2.53886905e-02    
14           +4.8164021126426704e-02    3.52957719e-02    
15           +4.4817125327540897e-02    2.39527141e-02    
16           +4.3434998112358958e-02    3.11213362e-02    
17           +4.0741244736528293e-02    1.43208526e-02    
18           +3.9566594726081039e-02    3.53059546e-02    
19           +3.6691474098865307e-02    1.10480819e-02    
20           +3.5778570274123123e-02    2.40047382e-02    
21           +3.4387767421776516e-02    1.21269764e-02    
22           +3.3878551302382931e-02    1.29239815e-02    
23           +3.3747921737000919e-02    1.99714714e-02    
24           +3.3293939722840449e-02    1.48464967e-02    
25           +3.2824013214765690e-02    1.32845267e-02    
26           +3.2668657243454469e-02    1.76044016e-02    
27           +3.2171763091608963e-02    1.08637617e-02    
28           +3.1828935139312620e-02    1.01847270e-02    
29           +3.1485883781568802e-02    7.17168464e-03    
30           +3.1176545894803009e-02    1.02544928e-02    
31           +3.1140050660163565e-02    1.56090003e-02    
32           +3.1002973607389794e-02    1.37191793e-02    
33           +3.0612070333589037e-02    6.64165950e-03    
34           +3.0482079217269087e-02    1.36981703e-02    
35           +3.0105690429528487e-02    6.72774369e-03    
36           +3.0078305038713005e-02    1.41217368e-02    
37           +2.9974962512297587e-02    1.25335779e-02    
38           +2.9670611180129036e-02    6.43086148e-03    
39           +2.9598911646148363e-02    1.17630640e-02    
40           +2.9370811002000341e-02    7.18790102e-03    
41           +2.9215596126800136e-02    7.26678069e-03    
42           +2.9160008600626952e-02    1.08818376e-02    
43           +2.8978652357727341e-02    7.04839512e-03    
44           +2.8820776824086458e-02    5.58344050e-03    
45           +2.8687731386058068e-02    6.50804939e-03    
46           +2.8650596558914776e-02    1.05724039e-02    
47           +2.8521853455816704e-02    7.82792826e-03    
48           +2.8388770508392724e-02    7.41522353e-03    
49           +2.8298437351209627e-02    8.68856586e-03    
50           +2.8100740367974275e-02    3.76226861e-03    
Terminated - max iterations reached after 80.60 seconds.

(2048, 100)
ms:978,mt:486
lu: [0. 1. 2.] lc [154 824 486]
current_index 978
loss is -0.70 | known_loss is 0.28 | unknown_loss is -1.23 ( 0.43 + 0.05 - 1.71 )
[0.96190476]

Iteration :8
all acc [0.95667546]
pseudo Xtu: [0.90438247]
pseudo Xtk: [0.96190476]
HOS: [0.93225715]
ratio: 1.0
max_select_num =  48
select Xt:(486, 2048), yt:(486,)
Xt_align:(486, 2048) ,Yt_align:(486,) ,l_align:(1464,) 
(array([ 0,  1,  2,  3,  4,  5,  6,  7,  8,  9, 10], dtype=int64), array([ 29,  21,  28,  12,  16,  31,  40,  18,  37,  21, 233], dtype=int64))
Optimizing...
Iteration    Cost                       Gradient norm     
---------    -----------------------    --------------    
 1           +2.5821919411560401e-01    1.00677251e-01    
 2           +1.8804921116561224e-01    5.30365157e-02    
 3           +1.5736873229954207e-01    6.26111084e-02    
 4           +1.3437867460196484e-01    8.18277149e-02    
 5           +1.1003997519732622e-01    8.37396193e-02    
 6           +1.0911199649896131e-01    9.27783237e-02    
 7           +1.0548179265297031e-01    8.86606234e-02    
 8           +9.2497272952044574e-02    6.97002469e-02    
 9           +8.0271695289270140e-02    6.04319463e-02    
10           +6.8697467526610989e-02    2.87640115e-02    
11           +6.5226904038421907e-02    7.08401723e-02    
12           +5.4859964565491914e-02    3.62428883e-02    
13           +5.0553403457300305e-02    2.53886905e-02    
14           +4.8164021126426704e-02    3.52957719e-02    
15           +4.4817125327540897e-02    2.39527141e-02    
16           +4.3434998112358958e-02    3.11213362e-02    
17           +4.0741244736528293e-02    1.43208526e-02    
18           +3.9566594726081039e-02    3.53059546e-02    
19           +3.6691474098865307e-02    1.10480819e-02    
20           +3.5778570274123123e-02    2.40047382e-02    
21           +3.4387767421776516e-02    1.21269764e-02    
22           +3.3878551302382931e-02    1.29239815e-02    
23           +3.3747921737000919e-02    1.99714714e-02    
24           +3.3293939722840449e-02    1.48464967e-02    
25           +3.2824013214765690e-02    1.32845267e-02    
26           +3.2668657243454469e-02    1.76044016e-02    
27           +3.2171763091608963e-02    1.08637617e-02    
28           +3.1828935139312620e-02    1.01847270e-02    
29           +3.1485883781568802e-02    7.17168464e-03    
30           +3.1176545894803009e-02    1.02544928e-02    
31           +3.1140050660163565e-02    1.56090003e-02    
32           +3.1002973607389794e-02    1.37191793e-02    
33           +3.0612070333589037e-02    6.64165950e-03    
34           +3.0482079217269087e-02    1.36981703e-02    
35           +3.0105690429528487e-02    6.72774369e-03    
36           +3.0078305038713005e-02    1.41217368e-02    
37           +2.9974962512297587e-02    1.25335779e-02    
38           +2.9670611180129036e-02    6.43086148e-03    
39           +2.9598911646148363e-02    1.17630640e-02    
40           +2.9370811002000341e-02    7.18790102e-03    
41           +2.9215596126800136e-02    7.26678069e-03    
42           +2.9160008600626952e-02    1.08818376e-02    
43           +2.8978652357727341e-02    7.04839512e-03    
44           +2.8820776824086458e-02    5.58344050e-03    
45           +2.8687731386058068e-02    6.50804939e-03    
46           +2.8650596558914776e-02    1.05724039e-02    
47           +2.8521853455816704e-02    7.82792826e-03    
48           +2.8388770508392724e-02    7.41522353e-03    
49           +2.8298437351209627e-02    8.68856586e-03    
50           +2.8100740367974275e-02    3.76226861e-03    
Terminated - max iterations reached after 78.77 seconds.

(2048, 100)
ms:978,mt:486
lu: [0. 1. 2.] lc [154 824 486]
current_index 978
loss is -0.70 | known_loss is 0.28 | unknown_loss is -1.23 ( 0.43 + 0.05 - 1.71 )
[0.96190476]

Iteration :9
all acc [0.95667546]
pseudo Xtu: [0.90438247]
pseudo Xtk: [0.96190476]
HOS: [0.93225715]
ratio: 1.0
Xt_align:(486, 2048) ,Yt_align:(486,) ,l_align:(1464,) 
(array([ 0,  1,  2,  3,  4,  5,  6,  7,  8,  9, 10], dtype=int64), array([ 29,  21,  28,  12,  16,  31,  40,  18,  37,  21, 233], dtype=int64))
Optimizing...
Iteration    Cost                       Gradient norm     
---------    -----------------------    --------------    
 1           +2.5821919411560490e-01    1.00677251e-01    
 2           +1.8804921116561202e-01    5.30365157e-02    
 3           +1.5736873229954140e-01    6.26111084e-02    
 4           +1.3437867460196440e-01    8.18277149e-02    
 5           +1.1003997519732622e-01    8.37396193e-02    
 6           +1.0911199649896042e-01    9.27783237e-02    
 7           +1.0548179265296742e-01    8.86606234e-02    
 8           +9.2497272952032583e-02    6.97002469e-02    
 9           +8.0271695289300338e-02    6.04319463e-02    
10           +6.8697467526596334e-02    2.87640115e-02    
11           +6.5226904038092393e-02    7.08401723e-02    
12           +5.4859964564585084e-02    3.62428883e-02    
13           +5.0553403457216595e-02    2.53886906e-02    
14           +4.8164021125378431e-02    3.52957719e-02    
15           +4.4817125331691798e-02    2.39527142e-02    
16           +4.3434998101480993e-02    3.11213360e-02    
17           +4.0741244747545924e-02    1.43208529e-02    
18           +3.9566595029993046e-02    3.53059555e-02    
19           +3.6691474561966864e-02    1.10480863e-02    
20           +3.5778573380085721e-02    2.40047511e-02    
21           +3.4387765687599714e-02    1.21268858e-02    
22           +3.3878554572205788e-02    1.29241625e-02    
23           +3.3747880691189280e-02    1.99708123e-02    
24           +3.3293771920817283e-02    1.48440446e-02    
25           +3.2824413081395942e-02    1.32952128e-02    
26           +3.2665287458848447e-02    1.75476857e-02    
27           +3.2160167575099319e-02    1.06461726e-02    
28           +3.1836773254766859e-02    1.07689252e-02    
29           +3.1696375019691470e-02    1.50266704e-02    
30           +3.1272435110743402e-02    8.19877978e-03    
31           +3.1087518557073590e-02    1.24576533e-02    
32           +3.0677144937131029e-02    5.31368798e-03    
33           +2.9609730098471454e-02    1.30197626e-02    
34           +2.9232503762243844e-02    6.84740698e-03    
35           +2.9079843403860828e-02    6.17408286e-03    
36           +2.8936225572313568e-02    5.59641231e-03    
37           +2.8800587222640228e-02    5.86913661e-03    
38           +2.8667048047539501e-02    5.24737221e-03    
39           +2.8538940743476182e-02    5.80708028e-03    
40           +2.8412061264920130e-02    4.99226682e-03    
41           +2.8289844303727385e-02    5.77877443e-03    
42           +2.8168031772820790e-02    4.76212211e-03    
43           +2.8049939166921334e-02    5.77782791e-03    
44           +2.7931875928586258e-02    4.57162024e-03    
45           +2.7816796318620884e-02    5.78717526e-03    
46           +2.7701576804968209e-02    4.41506508e-03    
47           +2.7588783642499726e-02    5.79973805e-03    
48           +2.7588478882742518e-02    1.03538473e-02    
49           +2.7587261269786723e-02    1.03296167e-02    
50           +2.7582413676643380e-02    1.02326737e-02    
Terminated - max iterations reached after 81.89 seconds.

(2048, 100)
ms:978,mt:486
lu: [0. 1. 2.] lc [154 824 486]
current_index 978
loss is -0.70 | known_loss is 0.28 | unknown_loss is -1.23 ( 0.43 + 0.05 - 1.71 )
[0.96190476]

Iteration :10
all acc [0.95667546]
pseudo Xtu: [0.90438247]
pseudo Xtk: [0.96190476]
HOS: [0.93225715]
source:['dslr.csv', 'amazon.csv']target:webcam.csv
